     1                                  ;----------------------------------------------
     2                                  global binarySearch
     3                                  binarySearch:; Function begin
     4                                          endbr64                                         ; 00B0 _ F3: 0F 1E. FA
     4          ******************       warning: label alone on a line without a colon might be in error [-w+orphan-labels]
     5 00000000 448B442408                      mov     r8d, dword [rsp+8H]                     ; 00B4 _ 44: 8B. 44 24, 08
     6 00000005 39D6                            cmp     esi, edx                                ; 00B9 _ 39. D6
     7 00000007 7C0E                            jl      l_004                                   ; 00BB _ 7C, 0A
     8 00000009 EB2E                            jmp     l_005                                   ; 00BD _ EB, 2A
     9                                  
    10                                  ; Filling space: 1H
    11                                  ; Filler type: NOP
    12                                  ;       db 90H
    13                                  
    14 0000000B 90<rept>                ALIGN   8
    15 00000010 8D7001                  l_003:  lea     esi, [rax+1H]                           ; 00C0 _ 8D. 70, 01
    16 00000013 39F2                            cmp     edx, esi                                ; 00C3 _ 39. F2
    17 00000015 7E22                            jle     l_005                                   ; 00C5 _ 7E, 22
    18 00000017 8D0C32                  l_004:  lea     ecx, [rdx+rsi]                          ; 00C7 _ 8D. 0C 32
    19 0000001A 89C8                            mov     eax, ecx                                ; 00CA _ 89. C8
    20 0000001C C1E81F                          shr     eax, 31                                 ; 00CC _ C1. E8, 1F
    21 0000001F 01C8                            add     eax, ecx                                ; 00CF _ 01. C8
    22 00000021 D1F8                            sar     eax, 1                                  ; 00D1 _ D1. F8
    23 00000023 4863C8                          movsxd  rcx, eax                                ; 00D3 _ 48: 63. C8
    24 00000026 48C1E105                        shl     rcx, 5                                  ; 00D6 _ 48: C1. E1, 05
    25 0000002A 4439040F                        cmp     dword [rdi+rcx], r8d                    ; 00DA _ 44: 39. 04 0F
    26 0000002E 7420                            jz      l_006                                   ; 00DE _ 74, 20
    27 00000030 7CDE                            jl      l_003                                   ; 00E0 _ 7C, DE
    28 00000032 8D50FF                          lea     edx, [rax-1H]                           ; 00E2 _ 8D. 50, FF
    29 00000035 39F2                            cmp     edx, esi                                ; 00E5 _ 39. F2
    30 00000037 7FDE                            jg      l_004                                   ; 00E7 _ 7F, DE
    31 00000039 4863C6                  l_005:  movsxd  rax, esi                                ; 00E9 _ 48: 63. C6
    32 0000003C 48C1E005                        shl     rax, 5                                  ; 00EC _ 48: C1. E0, 05
    33 00000040 44390407                        cmp     dword [rdi+rax], r8d                    ; 00F0 _ 44: 39. 04 07
    34 00000044 0F9CC0                          setl    al                                      ; 00F4 _ 0F 9C. C0
    35 00000047 0FB6C0                          movzx   eax, al                                 ; 00F7 _ 0F B6. C0
    36 0000004A 01F0                            add     eax, esi                                ; 00FA _ 01. F0
    37 0000004C C3                              ret                                             ; 00FC _ C3
    38                                  
    39                                  ; Filling space: 3H
    40                                  ; Filler type: Multi-byte NOP
    41                                  ;       db 0FH, 1FH, 00H
    42                                  
    43 0000004D 90<rept>                ALIGN   8
    44 00000050 83C001                  l_006:  add     eax, 1                                  ; 0100 _ 83. C0, 01
    45 00000053 C3                              ret                                             ; 0103 _ C3
    46                                  ; binarySearch End of function
    47                                  
    48                                  global insertionSort
    49                                  insertionSort:; Function begin
    50                                          ;endbr64                                         ; 0110 _ F3: 0F 1E. FA
    51 00000054 4157                            push    r15                                     ; 0114 _ 41: 57
    52 00000056 4156                            push    r14                                     ; 0116 _ 41: 56
    53 00000058 4155                            push    r13                                     ; 0118 _ 41: 55
    54 0000005A 4154                            push    r12                                     ; 011A _ 41: 54
    55 0000005C 55                              push    rbp                                     ; 011C _ 55
    56 0000005D 53                              push    rbx                                     ; 011D _ 53
    57 0000005E 897424F4                        mov     dword [rsp-0CH], esi                    ; 011E _ 89. 74 24, F4
    58 00000062 83FE01                          cmp     esi, 1                                  ; 0122 _ 83. FE, 01
    59 00000065 0F8E0E010000                    jle     l_016                                   ; 0125 _ 0F 8E, 0000010E
    60 0000006B 4989FA                          mov     r10, rdi                                ; 012B _ 49: 89. FA
    61 0000006E 4531DB                          xor     r11d, r11d                              ; 012E _ 45: 31. DB
    62 00000071 BB01000000                      mov     ebx, 1                                  ; 0131 _ BB, 00000001
    63                                  ; Filling space: 0AH
    64                                  ; Filler type: Multi-byte NOP
    65                                  ;       db 66H, 2EH, 0FH, 1FH, 84H, 00H, 00H, 00H
    66                                  ;       db 00H, 00H
    67                                  
    68 00000076 90<rept>                ALIGN   16
    69 00000080 458B4A20                l_007:  mov     r9d, dword [r10+20H]                    ; 0140 _ 45: 8B. 4A, 20
    70 00000084 418B6A24                        mov     ebp, dword [r10+24H]                    ; 0144 _ 41: 8B. 6A, 24
    71 00000088 4489DA                          mov     edx, r11d                               ; 0148 _ 44: 89. DA
    72 0000008B 458B6228                        mov     r12d, dword [r10+28H]                   ; 014B _ 45: 8B. 62, 28
    73 0000008F 458B6A2C                        mov     r13d, dword [r10+2CH]                   ; 014F _ 45: 8B. 6A, 2C
    74 00000093 458B7230                        mov     r14d, dword [r10+30H]                   ; 0153 _ 45: 8B. 72, 30
    75 00000097 458B7A34                        mov     r15d, dword [r10+34H]                   ; 0157 _ 45: 8B. 7A, 34
    76 0000009B F2410F104238                    movsd   xmm0, qword [r10+38H]                   ; 015B _ F2 41: 0F 10. 42, 38
    77 000000A1 4585DB                          test    r11d, r11d                              ; 0161 _ 45: 85. DB
    78 000000A4 0F84DA000000                    je      l_017                                   ; 0164 _ 0F 84, 000000DA
    79 000000AA 4589D8                          mov     r8d, r11d                               ; 016A _ 45: 89. D8
    80 000000AD 31F6                            xor     esi, esi                                ; 016D _ 31. F6
    81 000000AF EB0F                            jmp     l_009                                   ; 016F _ EB, 0F
    82                                  
    83                                  ; Filling space: 7H
    84                                  ; Filler type: Multi-byte NOP
    85                                  ;       db 0FH, 1FH, 80H, 00H, 00H, 00H, 00H
    86                                  
    87 000000B1 90<rept>                ALIGN   8
    88 000000B8 8D7001                  l_008:  lea     esi, [rax+1H]                           ; 0178 _ 8D. 70, 01
    89 000000BB 4439C6                          cmp     esi, r8d                                ; 017B _ 44: 39. C6
    90 000000BE 7D1E                            jge     l_010                                   ; 017E _ 7D, 1E
    91 000000C0 428D0406                l_009:  lea     eax, [rsi+r8]                           ; 0180 _ 42: 8D. 04 06
    92 000000C4 D1F8                            sar     eax, 1                                  ; 0184 _ D1. F8
    93 000000C6 4863C8                          movsxd  rcx, eax                                ; 0186 _ 48: 63. C8
    94 000000C9 48C1E105                        shl     rcx, 5                                  ; 0189 _ 48: C1. E1, 05
    95 000000CD 44390C0F                        cmp     dword [rdi+rcx], r9d                    ; 018D _ 44: 39. 0C 0F
    96 000000D1 7425                            jz      l_011                                   ; 0191 _ 74, 25
    97 000000D3 7CE3                            jl      l_008                                   ; 0193 _ 7C, E3
    98 000000D5 448D40FF                        lea     r8d, [rax-1H]                           ; 0195 _ 44: 8D. 40, FF
    99 000000D9 4439C6                          cmp     esi, r8d                                ; 0199 _ 44: 39. C6
   100 000000DC 7CE2                            jl      l_009                                   ; 019C _ 7C, E2
   101 000000DE 4863C6                  l_010:  movsxd  rax, esi                                ; 019E _ 48: 63. C6
   102 000000E1 48C1E005                        shl     rax, 5                                  ; 01A1 _ 48: C1. E0, 05
   103 000000E5 44390C07                        cmp     dword [rdi+rax], r9d                    ; 01A5 _ 44: 39. 0C 07
   104 000000E9 0F9CC0                          setl    al                                      ; 01A9 _ 0F 9C. C0
   105 000000EC 0FB6C0                          movzx   eax, al                                 ; 01AC _ 0F B6. C0
   106 000000EF 01C6                            add     esi, eax                                ; 01AF _ 01. C6
   107 000000F1 EB08                            jmp     l_012                                   ; 01B1 _ EB, 08
   108                                  
   109                                  ; Filling space: 5H
   110                                  ; Filler type: Multi-byte NOP
   111                                  ;       db 0FH, 1FH, 44H, 00H, 00H
   112                                  
   113 000000F3 90<rept>                ALIGN   8
   114 000000F8 8D7001                  l_011:  lea     esi, [rax+1H]                           ; 01B8 _ 8D. 70, 01
   115 000000FB 4139F3                  l_012:  cmp     r11d, esi                               ; 01BB _ 41: 39. F3
   116 000000FE 7C3B                            jl      l_015                                   ; 01BE _ 7C, 3B
   117 00000100 4C89D0                  l_013:  mov     rax, r10                                ; 01C0 _ 4C: 89. D0
   118                                  ; Filling space: 5H
   119                                  ; Filler type: Multi-byte NOP
   120                                  ;       db 0FH, 1FH, 44H, 00H, 00H
   121                                  
   122 00000103 90<rept>                ALIGN   8
   123 00000108 F30F6F08                l_014:  movdqu  xmm1, oword [rax]                       ; 01C8 _ F3: 0F 6F. 08
   124 0000010C F30F6F5010                      movdqu  xmm2, oword [rax+10H]                   ; 01CC _ F3: 0F 6F. 50, 10
   125 00000111 83EA01                          sub     edx, 1                                  ; 01D1 _ 83. EA, 01
   126 00000114 4883E820                        sub     rax, 32                                 ; 01D4 _ 48: 83. E8, 20
   127 00000118 0F114840                        movups  oword [rax+40H], xmm1                   ; 01D8 _ 0F 11. 48, 40
   128 0000011C 0F115050                        movups  oword [rax+50H], xmm2                   ; 01DC _ 0F 11. 50, 50
   129 00000120 39F2                            cmp     edx, esi                                ; 01E0 _ 39. F2
   130 00000122 7DE4                            jge     l_014                                   ; 01E2 _ 7D, E4
   131 00000124 8D43FF                          lea     eax, [rbx-1H]                           ; 01E4 _ 8D. 43, FF
   132 00000127 89F2                            mov     edx, esi                                ; 01E7 _ 89. F2
   133 00000129 29C2                            sub     edx, eax                                ; 01E9 _ 29. C2
   134 0000012B 39DE                            cmp     esi, ebx                                ; 01EB _ 39. DE
   135 0000012D 89D0                            mov     eax, edx                                ; 01ED _ 89. D0
   136 0000012F BA00000000                      mov     edx, 0                                  ; 01EF _ BA, 00000000
   137 00000134 0F4DC2                          cmovge  eax, edx                                ; 01F4 _ 0F 4D. C2
   138 00000137 8D5403FE                        lea     edx, [rbx+rax-2H]                       ; 01F7 _ 8D. 54 03, FE
   139 0000013B 4863C2                  l_015:  movsxd  rax, edx                                ; 01FB _ 48: 63. C2
   140 0000013E 83C301                          add     ebx, 1                                  ; 01FE _ 83. C3, 01
   141 00000141 4183C301                        add     r11d, 1                                 ; 0201 _ 41: 83. C3, 01
   142 00000145 4983C220                        add     r10, 32                                 ; 0205 _ 49: 83. C2, 20
   143 00000149 4883C001                        add     rax, 1                                  ; 0209 _ 48: 83. C0, 01
   144 0000014D 48C1E005                        shl     rax, 5                                  ; 020D _ 48: C1. E0, 05
   145 00000151 4801F8                          add     rax, rdi                                ; 0211 _ 48: 01. F8
   146 00000154 448908                          mov     dword [rax], r9d                        ; 0214 _ 44: 89. 08
   147 00000157 896804                          mov     dword [rax+4H], ebp                     ; 0217 _ 89. 68, 04
   148 0000015A 44896008                        mov     dword [rax+8H], r12d                    ; 021A _ 44: 89. 60, 08
   149 0000015E 4489680C                        mov     dword [rax+0CH], r13d                   ; 021E _ 44: 89. 68, 0C
   150 00000162 44897010                        mov     dword [rax+10H], r14d                   ; 0222 _ 44: 89. 70, 10
   151 00000166 44897814                        mov     dword [rax+14H], r15d                   ; 0226 _ 44: 89. 78, 14
   152 0000016A F20F114018                      movsd   qword [rax+18H], xmm0                   ; 022A _ F2: 0F 11. 40, 18
   153 0000016F 395C24F4                        cmp     dword [rsp-0CH], ebx                    ; 022F _ 39. 5C 24, F4
   154 00000173 0F8507FFFFFF                    jne     l_007                                   ; 0233 _ 0F 85, FFFFFF07
   155 00000179 5B                      l_016:  pop     rbx                                     ; 0239 _ 5B
   156 0000017A 5D                              pop     rbp                                     ; 023A _ 5D
   157 0000017B 415C                            pop     r12                                     ; 023B _ 41: 5C
   158 0000017D 415D                            pop     r13                                     ; 023D _ 41: 5D
   159 0000017F 415E                            pop     r14                                     ; 023F _ 41: 5E
   160 00000181 415F                            pop     r15                                     ; 0241 _ 41: 5F
   161 00000183 C3                              ret                                             ; 0243 _ C3
   162                                  ; insertionSort End of function
   163                                  
   164                                  l_017:  ; Local function
   165 00000184 31F6                            xor     esi, esi                                ; 0244 _ 31. F6
   166 00000186 44390F                          cmp     dword [rdi], r9d                        ; 0246 _ 44: 39. 0F
   167 00000189 0F8D71FFFFFF                    jge     l_013                                   ; 0249 _ 0F 8D, FFFFFF71
   168 0000018F 4489DA                          mov     edx, r11d                               ; 024F _ 44: 89. DA
   169 00000192 EBA7                            jmp     l_015                                   ; 0252 _ EB, A7
   170                                  
   171                                  ;----------------------------------------------
