     1                                  ;------------------------------------------------------------------------------
     2                                  ; perimeter.asm - единица компиляции, вбирающая функции вычисления периметра
     3                                  ;------------------------------------------------------------------------------
     4                                  
     5                                  extern RECTANGLE
     6                                  extern TRIANGLE
     7                                  
     8                                  ;----------------------------------------------
     9                                  global binarySearch
    10                                  binarySearch:; Function begin
    11                                          endbr64                                         ; 00B0 _ F3: 0F 1E. FA
    11          ******************       warning: label alone on a line without a colon might be in error [-w+orphan-labels]
    12 00000000 448B442408                      mov     r8d, dword [rsp+8H]                     ; 00B4 _ 44: 8B. 44 24, 08
    13 00000005 39D6                            cmp     esi, edx                                ; 00B9 _ 39. D6
    14 00000007 7C0E                            jl      ?_004                                   ; 00BB _ 7C, 0A
    15 00000009 EB2E                            jmp     ?_005                                   ; 00BD _ EB, 2A
    16                                  
    17                                  ; Filling space: 1H
    18                                  ; Filler type: NOP
    19                                  ;       db 90H
    20                                  
    21 0000000B 90<rept>                ALIGN   8
    22 00000010 8D7001                  ?_003:  lea     esi, [rax+1H]                           ; 00C0 _ 8D. 70, 01
    23 00000013 39F2                            cmp     edx, esi                                ; 00C3 _ 39. F2
    24 00000015 7E22                            jle     ?_005                                   ; 00C5 _ 7E, 22
    25 00000017 8D0C32                  ?_004:  lea     ecx, [rdx+rsi]                          ; 00C7 _ 8D. 0C 32
    26 0000001A 89C8                            mov     eax, ecx                                ; 00CA _ 89. C8
    27 0000001C C1E81F                          shr     eax, 31                                 ; 00CC _ C1. E8, 1F
    28 0000001F 01C8                            add     eax, ecx                                ; 00CF _ 01. C8
    29 00000021 D1F8                            sar     eax, 1                                  ; 00D1 _ D1. F8
    30 00000023 4863C8                          movsxd  rcx, eax                                ; 00D3 _ 48: 63. C8
    31 00000026 48C1E105                        shl     rcx, 5                                  ; 00D6 _ 48: C1. E1, 05
    32 0000002A 4439040F                        cmp     dword [rdi+rcx], r8d                    ; 00DA _ 44: 39. 04 0F
    33 0000002E 7420                            jz      ?_006                                   ; 00DE _ 74, 20
    34 00000030 7CDE                            jl      ?_003                                   ; 00E0 _ 7C, DE
    35 00000032 8D50FF                          lea     edx, [rax-1H]                           ; 00E2 _ 8D. 50, FF
    36 00000035 39F2                            cmp     edx, esi                                ; 00E5 _ 39. F2
    37 00000037 7FDE                            jg      ?_004                                   ; 00E7 _ 7F, DE
    38 00000039 4863C6                  ?_005:  movsxd  rax, esi                                ; 00E9 _ 48: 63. C6
    39 0000003C 48C1E005                        shl     rax, 5                                  ; 00EC _ 48: C1. E0, 05
    40 00000040 44390407                        cmp     dword [rdi+rax], r8d                    ; 00F0 _ 44: 39. 04 07
    41 00000044 0F9CC0                          setl    al                                      ; 00F4 _ 0F 9C. C0
    42 00000047 0FB6C0                          movzx   eax, al                                 ; 00F7 _ 0F B6. C0
    43 0000004A 01F0                            add     eax, esi                                ; 00FA _ 01. F0
    44 0000004C C3                              ret                                             ; 00FC _ C3
    45                                  
    46                                  ; Filling space: 3H
    47                                  ; Filler type: Multi-byte NOP
    48                                  ;       db 0FH, 1FH, 00H
    49                                  
    50 0000004D 90<rept>                ALIGN   8
    51 00000050 83C001                  ?_006:  add     eax, 1                                  ; 0100 _ 83. C0, 01
    52 00000053 C3                              ret                                             ; 0103 _ C3
    53                                  ; binarySearch End of function
    54                                  
    55                                  global insertionSort
    56                                  insertionSort:; Function begin
    57                                          ;endbr64                                         ; 0110 _ F3: 0F 1E. FA
    58 00000054 4157                            push    r15                                     ; 0114 _ 41: 57
    59 00000056 4156                            push    r14                                     ; 0116 _ 41: 56
    60 00000058 4155                            push    r13                                     ; 0118 _ 41: 55
    61 0000005A 4154                            push    r12                                     ; 011A _ 41: 54
    62 0000005C 55                              push    rbp                                     ; 011C _ 55
    63 0000005D 53                              push    rbx                                     ; 011D _ 53
    64 0000005E 897424F4                        mov     dword [rsp-0CH], esi                    ; 011E _ 89. 74 24, F4
    65 00000062 83FE01                          cmp     esi, 1                                  ; 0122 _ 83. FE, 01
    66 00000065 0F8E0E010000                    jle     ?_016                                   ; 0125 _ 0F 8E, 0000010E
    67 0000006B 4989FA                          mov     r10, rdi                                ; 012B _ 49: 89. FA
    68 0000006E 4531DB                          xor     r11d, r11d                              ; 012E _ 45: 31. DB
    69 00000071 BB01000000                      mov     ebx, 1                                  ; 0131 _ BB, 00000001
    70                                  ; Filling space: 0AH
    71                                  ; Filler type: Multi-byte NOP
    72                                  ;       db 66H, 2EH, 0FH, 1FH, 84H, 00H, 00H, 00H
    73                                  ;       db 00H, 00H
    74                                  
    75 00000076 90<rept>                ALIGN   16
    76 00000080 458B4A20                ?_007:  mov     r9d, dword [r10+20H]                    ; 0140 _ 45: 8B. 4A, 20
    77 00000084 418B6A24                        mov     ebp, dword [r10+24H]                    ; 0144 _ 41: 8B. 6A, 24
    78 00000088 4489DA                          mov     edx, r11d                               ; 0148 _ 44: 89. DA
    79 0000008B 458B6228                        mov     r12d, dword [r10+28H]                   ; 014B _ 45: 8B. 62, 28
    80 0000008F 458B6A2C                        mov     r13d, dword [r10+2CH]                   ; 014F _ 45: 8B. 6A, 2C
    81 00000093 458B7230                        mov     r14d, dword [r10+30H]                   ; 0153 _ 45: 8B. 72, 30
    82 00000097 458B7A34                        mov     r15d, dword [r10+34H]                   ; 0157 _ 45: 8B. 7A, 34
    83 0000009B F2410F104238                    movsd   xmm0, qword [r10+38H]                   ; 015B _ F2 41: 0F 10. 42, 38
    84 000000A1 4585DB                          test    r11d, r11d                              ; 0161 _ 45: 85. DB
    85 000000A4 0F84DA000000                    je      ?_017                                   ; 0164 _ 0F 84, 000000DA
    86 000000AA 4589D8                          mov     r8d, r11d                               ; 016A _ 45: 89. D8
    87 000000AD 31F6                            xor     esi, esi                                ; 016D _ 31. F6
    88 000000AF EB0F                            jmp     ?_009                                   ; 016F _ EB, 0F
    89                                  
    90                                  ; Filling space: 7H
    91                                  ; Filler type: Multi-byte NOP
    92                                  ;       db 0FH, 1FH, 80H, 00H, 00H, 00H, 00H
    93                                  
    94 000000B1 90<rept>                ALIGN   8
    95 000000B8 8D7001                  ?_008:  lea     esi, [rax+1H]                           ; 0178 _ 8D. 70, 01
    96 000000BB 4439C6                          cmp     esi, r8d                                ; 017B _ 44: 39. C6
    97 000000BE 7D1E                            jge     ?_010                                   ; 017E _ 7D, 1E
    98 000000C0 428D0406                ?_009:  lea     eax, [rsi+r8]                           ; 0180 _ 42: 8D. 04 06
    99 000000C4 D1F8                            sar     eax, 1                                  ; 0184 _ D1. F8
   100 000000C6 4863C8                          movsxd  rcx, eax                                ; 0186 _ 48: 63. C8
   101 000000C9 48C1E105                        shl     rcx, 5                                  ; 0189 _ 48: C1. E1, 05
   102 000000CD 44390C0F                        cmp     dword [rdi+rcx], r9d                    ; 018D _ 44: 39. 0C 0F
   103 000000D1 7425                            jz      ?_011                                   ; 0191 _ 74, 25
   104 000000D3 7CE3                            jl      ?_008                                   ; 0193 _ 7C, E3
   105 000000D5 448D40FF                        lea     r8d, [rax-1H]                           ; 0195 _ 44: 8D. 40, FF
   106 000000D9 4439C6                          cmp     esi, r8d                                ; 0199 _ 44: 39. C6
   107 000000DC 7CE2                            jl      ?_009                                   ; 019C _ 7C, E2
   108 000000DE 4863C6                  ?_010:  movsxd  rax, esi                                ; 019E _ 48: 63. C6
   109 000000E1 48C1E005                        shl     rax, 5                                  ; 01A1 _ 48: C1. E0, 05
   110 000000E5 44390C07                        cmp     dword [rdi+rax], r9d                    ; 01A5 _ 44: 39. 0C 07
   111 000000E9 0F9CC0                          setl    al                                      ; 01A9 _ 0F 9C. C0
   112 000000EC 0FB6C0                          movzx   eax, al                                 ; 01AC _ 0F B6. C0
   113 000000EF 01C6                            add     esi, eax                                ; 01AF _ 01. C6
   114 000000F1 EB08                            jmp     ?_012                                   ; 01B1 _ EB, 08
   115                                  
   116                                  ; Filling space: 5H
   117                                  ; Filler type: Multi-byte NOP
   118                                  ;       db 0FH, 1FH, 44H, 00H, 00H
   119                                  
   120 000000F3 90<rept>                ALIGN   8
   121 000000F8 8D7001                  ?_011:  lea     esi, [rax+1H]                           ; 01B8 _ 8D. 70, 01
   122 000000FB 4139F3                  ?_012:  cmp     r11d, esi                               ; 01BB _ 41: 39. F3
   123 000000FE 7C3B                            jl      ?_015                                   ; 01BE _ 7C, 3B
   124 00000100 4C89D0                  ?_013:  mov     rax, r10                                ; 01C0 _ 4C: 89. D0
   125                                  ; Filling space: 5H
   126                                  ; Filler type: Multi-byte NOP
   127                                  ;       db 0FH, 1FH, 44H, 00H, 00H
   128                                  
   129 00000103 90<rept>                ALIGN   8
   130 00000108 F30F6F08                ?_014:  movdqu  xmm1, oword [rax]                       ; 01C8 _ F3: 0F 6F. 08
   131 0000010C F30F6F5010                      movdqu  xmm2, oword [rax+10H]                   ; 01CC _ F3: 0F 6F. 50, 10
   132 00000111 83EA01                          sub     edx, 1                                  ; 01D1 _ 83. EA, 01
   133 00000114 4883E820                        sub     rax, 32                                 ; 01D4 _ 48: 83. E8, 20
   134 00000118 0F114840                        movups  oword [rax+40H], xmm1                   ; 01D8 _ 0F 11. 48, 40
   135 0000011C 0F115050                        movups  oword [rax+50H], xmm2                   ; 01DC _ 0F 11. 50, 50
   136 00000120 39F2                            cmp     edx, esi                                ; 01E0 _ 39. F2
   137 00000122 7DE4                            jge     ?_014                                   ; 01E2 _ 7D, E4
   138 00000124 8D43FF                          lea     eax, [rbx-1H]                           ; 01E4 _ 8D. 43, FF
   139 00000127 89F2                            mov     edx, esi                                ; 01E7 _ 89. F2
   140 00000129 29C2                            sub     edx, eax                                ; 01E9 _ 29. C2
   141 0000012B 39DE                            cmp     esi, ebx                                ; 01EB _ 39. DE
   142 0000012D 89D0                            mov     eax, edx                                ; 01ED _ 89. D0
   143 0000012F BA00000000                      mov     edx, 0                                  ; 01EF _ BA, 00000000
   144 00000134 0F4DC2                          cmovge  eax, edx                                ; 01F4 _ 0F 4D. C2
   145 00000137 8D5403FE                        lea     edx, [rbx+rax-2H]                       ; 01F7 _ 8D. 54 03, FE
   146 0000013B 4863C2                  ?_015:  movsxd  rax, edx                                ; 01FB _ 48: 63. C2
   147 0000013E 83C301                          add     ebx, 1                                  ; 01FE _ 83. C3, 01
   148 00000141 4183C301                        add     r11d, 1                                 ; 0201 _ 41: 83. C3, 01
   149 00000145 4983C220                        add     r10, 32                                 ; 0205 _ 49: 83. C2, 20
   150 00000149 4883C001                        add     rax, 1                                  ; 0209 _ 48: 83. C0, 01
   151 0000014D 48C1E005                        shl     rax, 5                                  ; 020D _ 48: C1. E0, 05
   152 00000151 4801F8                          add     rax, rdi                                ; 0211 _ 48: 01. F8
   153 00000154 448908                          mov     dword [rax], r9d                        ; 0214 _ 44: 89. 08
   154 00000157 896804                          mov     dword [rax+4H], ebp                     ; 0217 _ 89. 68, 04
   155 0000015A 44896008                        mov     dword [rax+8H], r12d                    ; 021A _ 44: 89. 60, 08
   156 0000015E 4489680C                        mov     dword [rax+0CH], r13d                   ; 021E _ 44: 89. 68, 0C
   157 00000162 44897010                        mov     dword [rax+10H], r14d                   ; 0222 _ 44: 89. 70, 10
   158 00000166 44897814                        mov     dword [rax+14H], r15d                   ; 0226 _ 44: 89. 78, 14
   159 0000016A F20F114018                      movsd   qword [rax+18H], xmm0                   ; 022A _ F2: 0F 11. 40, 18
   160 0000016F 395C24F4                        cmp     dword [rsp-0CH], ebx                    ; 022F _ 39. 5C 24, F4
   161 00000173 0F8507FFFFFF                    jne     ?_007                                   ; 0233 _ 0F 85, FFFFFF07
   162 00000179 5B                      ?_016:  pop     rbx                                     ; 0239 _ 5B
   163 0000017A 5D                              pop     rbp                                     ; 023A _ 5D
   164 0000017B 415C                            pop     r12                                     ; 023B _ 41: 5C
   165 0000017D 415D                            pop     r13                                     ; 023D _ 41: 5D
   166 0000017F 415E                            pop     r14                                     ; 023F _ 41: 5E
   167 00000181 415F                            pop     r15                                     ; 0241 _ 41: 5F
   168 00000183 C3                              ret                                             ; 0243 _ C3
   169                                  ; insertionSort End of function
   170                                  
   171                                  ?_017:  ; Local function
   172 00000184 31F6                            xor     esi, esi                                ; 0244 _ 31. F6
   173 00000186 44390F                          cmp     dword [rdi], r9d                        ; 0246 _ 44: 39. 0F
   174 00000189 0F8D71FFFFFF                    jge     ?_013                                   ; 0249 _ 0F 8D, FFFFFF71
   175 0000018F 4489DA                          mov     edx, r11d                               ; 024F _ 44: 89. DA
   176 00000192 EBA7                            jmp     ?_015                                   ; 0252 _ EB, A7
   177                                  
   178                                  ;----------------------------------------------
   179                                  ; Вычисление периметра прямоугольника
   180                                  ;double PerimeterRectangle(void *r) {
   181                                  ;    return 2.0 * (*((int*)r) + *((int*)(r+intSize)));
   182                                  ;}
   183                                  global PerimeterRectangle
   184                                  PerimeterRectangle:
   185                                  section .text
   186 00000194 55                      push rbp
   187 00000195 4889E5                  mov rbp, rsp
   188                                  
   189                                      ; В rdi адрес прямоугольника
   190 00000198 8B07                        mov eax, [rdi]
   191 0000019A 034704                      add eax, [rdi+4]
   192 0000019D D1E0                        shl eax, 1
   193 0000019F F20F2AC0                    cvtsi2sd    xmm0, eax
   194                                  
   195 000001A3 C9                      leave
   196 000001A4 C3                      ret
   197                                  
   198                                  ;----------------------------------------------
   199                                  ; double PerimeterTriangle(void *t) {
   200                                  ;    return (double)(*((int*)t) + *((int*)(t+intSize)) + *((int*)(t+2*intSize)));
   201                                  ;}
   202                                  global PerimeterTriangle
   203                                  PerimeterTriangle:
   204                                  section .text
   205 000001A5 55                      push rbp
   206 000001A6 4889E5                  mov rbp, rsp
   207                                  
   208                                      ; В rdi адрес треугольника
   209 000001A9 8B07                        mov eax, [rdi]
   210 000001AB 034704                      add eax, [rdi+4]
   211 000001AE 034708                      add eax, [rdi+8]
   212 000001B1 F20F2AC0                    cvtsi2sd    xmm0, eax
   213                                  
   214 000001B5 C9                      leave
   215 000001B6 C3                      ret
   216                                  
   217                                  ;----------------------------------------------
   218                                  ; Вычисление периметра фигуры
   219                                  ;double PerimeterShape(void *s) {
   220                                  ;    int k = *((int*)s);
   221                                  ;    if(k == RECTANGLE) {
   222                                  ;        return PerimeterRectangle(s+intSize);
   223                                  ;    }
   224                                  ;    else if(k == TRIANGLE) {
   225                                  ;        return PerimeterTriangle(s+intSize);
   226                                  ;    }
   227                                  ;    else {
   228                                  ;        return 0.0;
   229                                  ;    }
   230                                  ;}
   231                                  global PerimeterShape
   232                                  PerimeterShape:
   233                                  section .text
   234 000001B7 55                      push rbp
   235 000001B8 4889E5                  mov rbp, rsp
   236                                  
   237                                      ; В rdi адрес фигуры
   238 000001BB 8B07                        mov eax, [rdi]
   239 000001BD 3B0425[00000000]            cmp eax, [RECTANGLE]
   240 000001C4 7411                        je .rectPerimeter
   241 000001C6 3B0425[00000000]            cmp eax, [TRIANGLE]
   242 000001CD 7413                        je .trianPerimeter
   243 000001CF 31C0                        xor eax, eax
   244 000001D1 F20F2AC0                    cvtsi2sd    xmm0, eax
   245 000001D5 EB14                        jmp     .return
   246                                  .rectPerimeter:
   247                                      ; Вычисление периметра прямоугольника
   248 000001D7 4883C704                    add     rdi, 4
   249 000001DB E8B4FFFFFF                  call    PerimeterRectangle
   250 000001E0 EB09                        jmp     .return
   251                                  .trianPerimeter:
   252                                      ; Вычисление периметра треугольника
   253 000001E2 4883C704                    add     rdi, 4
   254 000001E6 E8BAFFFFFF                  call    PerimeterTriangle
   255                                  .return:
   256 000001EB C9                      leave
   257 000001EC C3                      ret
   258                                  
   259                                  ;----------------------------------------------
   260                                  ;// Вычисление суммы периметров всех фигур в контейнере
   261                                  ;double PerimeterSumContainer(void *c, int len) {
   262                                  ;    double sum = 0.0;
   263                                  ;    void *tmp = c;
   264                                  ;    for(int i = 0; i < len; i++) {
   265                                  ;        sum += PerimeterShape(tmp);
   266                                  ;        tmp = tmp + shapeSize;
   267                                  ;    }
   268                                  ;    return sum;
   269                                  ;}
   270                                  global PerimeterSumContainer
   271                                  PerimeterSumContainer:
   272                                  section .data
   273 00000000 0000000000000000            .sum    dq  0.0
   274                                  section .text
   275 000001ED 55                      push rbp
   276 000001EE 4889E5                  mov rbp, rsp
   277                                  
   278                                      ; В rdi адрес начала контейнера
   279 000001F1 4889F3                      mov rbx, rsi            ; число фигур
   280 000001F4 4831C9                      xor rcx, rcx            ; счетчик фигур
   281 000001F7 F20F100C25-                 movsd xmm1, [.sum]      ; перенос накопителя суммы в регистр 1
   281 000001FC [00000000]         
   282                                  .loop:
   283 00000200 4839D9                      cmp rcx, rbx            ; проверка на окончание цикла
   284 00000203 7D18                        jge .return             ; Перебрали все фигуры
   285                                  
   286 00000205 4989FA                      mov r10, rdi            ; сохранение начала фигуры
   287 00000208 E8AAFFFFFF                  call PerimeterShape     ; Получение периметра первой фигуры
   288 0000020D F20F58C8                    addsd xmm1, xmm0        ; накопление суммы
   289 00000211 48FFC1                      inc rcx                 ; индекс следующей фигуры
   290 00000214 4983C210                    add r10, 16             ; адрес следующей фигуры
   291 00000218 4C89D7                      mov rdi, r10            ; восстановление для передачи параметра
   292 0000021B EBE3                        jmp .loop
   293                                  .return:
   294 0000021D F20F10C1                    movsd xmm0, xmm1
   295 00000221 C9                      leave
   296 00000222 C3                      ret
